Test Case Name : TC138_Test_Case_138
Module         : Shipping
Timestamp      : 2026-01-20 10:17:34
Build Number   : Jenkins-Build-431
Environment    : QA

Failure Details
----------------
Exception Type : AssertionError
Error Message  : AssertionError while calling GET /api/v1/shipping/138 -> HTTP 401

Stack Trace
-----------
AssertionError: failure in Shipping
	at com.company.shipping.Class1.method1(Class1.java:52)
	at com.company.shipping.Class2.method2(Class2.java:356)
	at com.company.shipping.Class3.method3(Class3.java:459)

HTTP Request (b64)
------------------
Ygot64rEcga6rtRKx5sAAuHDGEX6028aXRzK5TrFFpMC9O1t9l8jQjl/OEXb8BQBQwkdKBcos0SRWtclfHIa7JoW/KE6yc8fNnr1gjTWRo289G5/E2tL8=QfhVR2SjYYBeV0orl4l3Qta/9oz5iu732XRMkwzJE9F7N5xKgh+OJBGcXFhxCX5ESEIlL8a7oa3Z5=O+humXjhWvPxf2BKFs3NmtwO
