Test Case Name : TC183_Test_Case_183
Module         : Notifications
Timestamp      : 2026-01-20 10:05:31
Build Number   : Jenkins-Build-540
Environment    : STAGE

Failure Details
----------------
Exception Type : AssertionError
Error Message  : AssertionError while calling GET /api/v1/notifications/183 -> HTTP 500

Stack Trace
-----------
AssertionError: failure in Notifications
	at com.company.notifications.Class1.method1(Class1.java:468)
	at com.company.notifications.Class2.method2(Class2.java:444)
	at com.company.notifications.Class3.method3(Class3.java:43)

HTTP Request (b64)
------------------
qRlx+4h9vqSzFmE6hlRwrji3g=wfsHI2VBvlptcC3C3h7rG/b1c2kwIAwZtlSWg+kegVLPDF/8bgBGYu+S6Xp45kAcSDbYj+VoNiVPbKU2nILnUBHOp+eNDroHwvO0syj0Lav=XCJMFkgsbSxJVj8Re4BT46whNrG4hkYKDdI=kTs=NOawbJNKNejoowv0XmH1XreQqKoh/gAvUeVvUEF9uCsMFR
