Test Case Name : TC298_Test_Case_298
Module         : Checkout
Timestamp      : 2026-01-20 10:52:33
Build Number   : Jenkins-Build-427
Environment    : QA

Failure Details
----------------
Exception Type : AssertionError
Error Message  : AssertionError while calling GET /api/v1/checkout/298 -> HTTP 404

Stack Trace
-----------
AssertionError: failure in Checkout
	at com.company.checkout.Class1.method1(Class1.java:252)
	at com.company.checkout.Class2.method2(Class2.java:104)
	at com.company.checkout.Class3.method3(Class3.java:291)

HTTP Request (b64)
------------------
93+YkyqrMq334t/RFtZq/Q78Py8rT9O1OoNZrDq8z5Pj=fewWM8IIaaWSUgk8E5yKCA95yCc+Tk+w1wELDBSDmEQejDJz4Rztr5DF197LltmPmytlYkQOU8a79gWN=zdLYJ=pnxrjlT9M8PHy28p9+R3Hni6RDDlM5izw/OEUqGJNnvR2smZ9/+B491Qgj1eN/Zz1GYDnObVAiGqZbR1TpIoKycN
