Test Case Name : TC457_Test_Case_457
Module         : Notifications
Timestamp      : 2026-01-20 10:24:17
Build Number   : Jenkins-Build-437
Environment    : QA

Failure Details
----------------
Exception Type : AssertionError
Error Message  : AssertionError while calling GET /api/v1/notifications/457 -> HTTP 404

Stack Trace
-----------
AssertionError: failure in Notifications
	at com.company.notifications.Class1.method1(Class1.java:424)
	at com.company.notifications.Class2.method2(Class2.java:483)
	at com.company.notifications.Class3.method3(Class3.java:232)

HTTP Request (b64)
------------------
smfqFHmYIciq6ku7TkbrMez1ongVeZefPYkva+IB9ThhGzAJYERzP/2e=mgD9rbwRe5w+W1V8dxtOSh8rRUBwO3jk5OcyLqN0KQd0CWLj0Hhy+ofD9cQa1CDSvRNeYm8gr8XYhmdFDVxQbJ1b0j0z/fb3cplOEJC0zMOn8Vp6P=x/XSI0ynR4lkHaQqdUJ+HLhml9yiQQbLOEdAmCcBq/w2wxYnw
