Test Case Name : TC244_Test_Case_244
Module         : Login
Timestamp      : 2026-01-20 10:43:39
Build Number   : Jenkins-Build-493
Environment    : DEV

Failure Details
----------------
Exception Type : AssertionError
Error Message  : AssertionError while calling GET /api/v1/login/244 -> HTTP 502

Stack Trace
-----------
AssertionError: failure in Login
	at com.company.login.Class1.method1(Class1.java:434)
	at com.company.login.Class2.method2(Class2.java:157)
	at com.company.login.Class3.method3(Class3.java:395)

HTTP Request (b64)
------------------
d3ybIudWsJHprc5COr4vyHExo3r4uLZi3s0VEG8PzBC5Whcu8KDd1kPvI1jWN2LN6cgYX8aoKNe53Jujp2H87xxOx2GJ/PhCWzK8ZVYXMnR=39t3nZZWAnBRf=N7ye5/LeoYREDuWS6ULd29YN9KfCPd+YPq=LZ3bi3wW4WGUs71UVRzL1Qwu7vIPofB33iO/J7ZjECtk8GKj4opUjJR0/9FK2Qw
