Test Case Name : TC276_Test_Case_276
Module         : Notifications
Timestamp      : 2026-01-20 10:05:33
Build Number   : Jenkins-Build-548
Environment    : QA

Failure Details
----------------
Exception Type : AssertionError
Error Message  : AssertionError while calling GET /api/v1/notifications/276 -> HTTP 500

Stack Trace
-----------
AssertionError: failure in Notifications
	at com.company.notifications.Class1.method1(Class1.java:233)
	at com.company.notifications.Class2.method2(Class2.java:221)
	at com.company.notifications.Class3.method3(Class3.java:134)

HTTP Request (b64)
------------------
ev=8TWdz2FHSZYMO94LsOwgzLd0jiJ+r7385YgsX=r=SpeiPnD6ng3LzKNxPcjKqJ+t428wtvzq=wEXywWQpW7WBisTsCPxQe9UmvfHh=3nR5NzODDbOzFrUkG=gYyAS+jlna0TOVOriluCHXyLkRq89rFRIdDXR5MWfCT9Xks1HrEr=3n0q9xfsE6x7N3cH5Jj8V5Ovr=bs0DtJsCpg1euEogRl
