Test Case Name : TC002_Test_Case_2
Module         : Search
Timestamp      : 2026-01-20 10:50:44
Build Number   : Jenkins-Build-549
Environment    : STAGE

Failure Details
----------------
Exception Type : AssertionError
Error Message  : AssertionError while calling GET /api/v1/search/2 -> HTTP 400

Stack Trace
-----------
AssertionError: failure in Search
	at com.company.search.Class1.method1(Class1.java:12)
	at com.company.search.Class2.method2(Class2.java:195)
	at com.company.search.Class3.method3(Class3.java:252)

HTTP Request (b64)
------------------
npP1ujypent/iJaobnwmL4nYeY7TSdf2AebAE2CZEGDKq9IVpq2zPwUt9MB+gVAPWuyqio3+VwLuZmnKfvYLi+PoIHPK7TuAavzoM=5h2zsKGscmO+SWBeL8CLKztb6l9U=5V9=WWukVP3V0flxQSVPJLArf=Tnju3kPeDbHsb/V32px4F7eoVdAC7o/PU/wTBwshg4QjItKyl00ah+nSuMgVcDa
