Test Case Name : TC143_Test_Case_143
Module         : Shipping
Timestamp      : 2026-01-20 10:04:14
Build Number   : Jenkins-Build-578
Environment    : DEV

Failure Details
----------------
Exception Type : AssertionError
Error Message  : AssertionError while calling GET /api/v1/shipping/143 -> HTTP 400

Stack Trace
-----------
AssertionError: failure in Shipping
	at com.company.shipping.Class1.method1(Class1.java:106)
	at com.company.shipping.Class2.method2(Class2.java:413)
	at com.company.shipping.Class3.method3(Class3.java:445)

HTTP Request (b64)
------------------
4=+/2SjmFQbW9g=9Adkv59XgwVIJSH5SkSK7otkV0J1Nr7igZyIzH4zlAiRSUvIBvsCWxxMjfNF/aQJROGzxG2EnyKgHzUfWMu=ey82P=cWloHZDMx68Hs07xN3fZSl9NDfn2nCyGYwIRJZuBliOmvqFOmcLEZvr1whuqIZ9g5U=eXY8IkWDaqeATudIVniBOOQiKS3608n7q+nf9Q9biDLnlSJT
